<?xml version="1.0" encoding="UTF-8"?>
<robot generator="Robot 3.2.1 (Python 3.6.9 on linux)" generated="20200527 10:54:18.060" rpa="false">
<suite id="s1" name="03-Test" source="/home/dteixeira/dojo-robot-test-api/03-test.robot">
<test id="s1-t1" name="Create new item">
<kw name="Add new Test juice">
<kw name="Set Local Variable" library="BuiltIn">
<doc>Makes a variable available everywhere within the local scope.</doc>
<arguments>
<arg>${new juice}</arg>
<arg>{"id": "new ${flavour} juice", "price": 3.1, "delivery":0}</arg>
</arguments>
<msg timestamp="20200527 10:54:18.523" level="INFO">${new juice} = {"id": "new Test juice", "price": 3.1, "delivery":0}</msg>
<status status="PASS" starttime="20200527 10:54:18.522" endtime="20200527 10:54:18.523"></status>
</kw>
<kw name="Add new item ${new juice}">
<kw name="Log" library="BuiltIn">
<doc>Logs the given message with the given level.</doc>
<arguments>
<arg>${new item}</arg>
</arguments>
<msg timestamp="20200527 10:54:18.524" level="INFO">{"id": "new Test juice", "price": 3.1, "delivery":0}</msg>
<status status="PASS" starttime="20200527 10:54:18.524" endtime="20200527 10:54:18.524"></status>
</kw>
<kw name="Put" library="REST">
<tags>
<tag>http</tag>
</tags>
<doc>*Sends a PUT request to the endpoint.*</doc>
<arguments>
<arg>/</arg>
<arg>${new item}</arg>
</arguments>
<status status="PASS" starttime="20200527 10:54:18.524" endtime="20200527 10:54:18.555"></status>
</kw>
<kw name="Integer" library="REST">
<tags>
<tag>assertions</tag>
</tags>
<doc>*Asserts the field as JSON integer.*</doc>
<arguments>
<arg>response status</arg>
<arg>200</arg>
</arguments>
<status status="PASS" starttime="20200527 10:54:18.555" endtime="20200527 10:54:18.558"></status>
</kw>
<status status="PASS" starttime="20200527 10:54:18.523" endtime="20200527 10:54:18.558"></status>
</kw>
<status status="PASS" starttime="20200527 10:54:18.521" endtime="20200527 10:54:18.558"></status>
</kw>
<kw name="Get item new Test juice with price 3.1">
<kw name="Get" library="REST">
<tags>
<tag>http</tag>
</tags>
<doc>*Sends a GET request to the endpoint.*</doc>
<arguments>
<arg>/${item id}</arg>
</arguments>
<status status="PASS" starttime="20200527 10:54:18.559" endtime="20200527 10:54:18.569"></status>
</kw>
<kw name="Output" library="REST">
<tags>
<tag>I/O</tag>
</tags>
<doc>*Outputs JSON to terminal or a file.*</doc>
<arguments>
<arg>request</arg>
<arg>request.json</arg>
</arguments>
<status status="PASS" starttime="20200527 10:54:18.569" endtime="20200527 10:54:18.570"></status>
</kw>
<kw name="Output" library="REST">
<tags>
<tag>I/O</tag>
</tags>
<doc>*Outputs JSON to terminal or a file.*</doc>
<arguments>
<arg>response</arg>
<arg>response.json</arg>
</arguments>
<status status="PASS" starttime="20200527 10:54:18.571" endtime="20200527 10:54:18.572"></status>
</kw>
<kw name="Integer" library="REST">
<tags>
<tag>assertions</tag>
</tags>
<doc>*Asserts the field as JSON integer.*</doc>
<arguments>
<arg>response status</arg>
<arg>200</arg>
</arguments>
<status status="PASS" starttime="20200527 10:54:18.572" endtime="20200527 10:54:18.574"></status>
</kw>
<kw name="Number" library="REST">
<tags>
<tag>assertions</tag>
</tags>
<doc>*Asserts the field as JSON number.*</doc>
<arguments>
<arg>response body price</arg>
<arg>${price}</arg>
</arguments>
<status status="PASS" starttime="20200527 10:54:18.576" endtime="20200527 10:54:18.579"></status>
</kw>
<status status="PASS" starttime="20200527 10:54:18.559" endtime="20200527 10:54:18.579"></status>
</kw>
<kw name="Add item to Cart">
<kw name="Post" library="REST">
<tags>
<tag>http</tag>
</tags>
<doc>*Sends a POST request to the endpoint.*</doc>
<arguments>
<arg>/</arg>
<arg>[{"id": "new guarana", "quantity": 10}, {"id": "CORONA", "quantity": 10}]</arg>
</arguments>
<status status="PASS" starttime="20200527 10:54:18.582" endtime="20200527 10:54:18.589"></status>
</kw>
<kw name="Output" library="REST">
<tags>
<tag>I/O</tag>
</tags>
<doc>*Outputs JSON to terminal or a file.*</doc>
<arguments>
<arg>response</arg>
<arg>response.json</arg>
</arguments>
<status status="PASS" starttime="20200527 10:54:18.590" endtime="20200527 10:54:18.592"></status>
</kw>
<status status="PASS" starttime="20200527 10:54:18.580" endtime="20200527 10:54:18.592"></status>
</kw>
<kw name="Validate Cart">
<kw name="Number" library="REST">
<tags>
<tag>assertions</tag>
</tags>
<doc>*Asserts the field as JSON number.*</doc>
<arguments>
<arg>response body total</arg>
<arg>87</arg>
</arguments>
<status status="PASS" starttime="20200527 10:54:18.594" endtime="20200527 10:54:18.597"></status>
</kw>
<kw name="String" library="REST">
<tags>
<tag>assertions</tag>
</tags>
<doc>*Asserts the field as JSON string.*</doc>
<arguments>
<arg>$.items[0].id</arg>
<arg>new guarana</arg>
</arguments>
<status status="PASS" starttime="20200527 10:54:18.597" endtime="20200527 10:54:18.650"></status>
</kw>
<kw name="Number" library="REST">
<tags>
<tag>assertions</tag>
</tags>
<doc>*Asserts the field as JSON number.*</doc>
<arguments>
<arg>$.items[?(@.id \= "CORONA")].subtotal</arg>
<arg>50</arg>
</arguments>
<status status="PASS" starttime="20200527 10:54:18.650" endtime="20200527 10:54:18.685"></status>
</kw>
<status status="PASS" starttime="20200527 10:54:18.593" endtime="20200527 10:54:18.685"></status>
</kw>
<status status="PASS" starttime="20200527 10:54:18.521" endtime="20200527 10:54:18.686" critical="yes"></status>
</test>
<status status="PASS" starttime="20200527 10:54:18.061" endtime="20200527 10:54:18.686"></status>
</suite>
<statistics>
<total>
<stat pass="1" fail="0">Critical Tests</stat>
<stat pass="1" fail="0">All Tests</stat>
</total>
<tag>
</tag>
<suite>
<stat pass="1" fail="0" id="s1" name="03-Test">03-Test</stat>
</suite>
</statistics>
<errors>
</errors>
</robot>
